# JRE version: OpenJDK Runtime Environment Temurin-17.0.4.1+1 (17.0.4.1+1) (build 17.0.4.1+1)
# Java VM: OpenJDK 64-Bit Server VM Temurin-17.0.4.1+1 (17.0.4.1+1, mixed mode, tiered, compressed oops, compressed class ptrs, parallel gc, windows-amd64)
GC Precious Log:
 CPUs: 4 total, 4 available
 Memory: 8067M
 Large Page Support: Disabled
 NUMA Support: Disabled
 Compressed Oops: Enabled (32-bit)
 Alignments: Space 512K, Generation 512K, Heap 2M
 Heap Min Capacity: 100M
 Heap Initial Capacity: 100M
 Heap Max Capacity: 1G
 Pre-touch: Disabled
 Parallel Workers: 4
Heap:
 PSYoungGen      total 23040K, used 11927K [0x00000000eab00000, 0x00000000ec680000, 0x0000000100000000)
  eden space 21504K, 49% used [0x00000000eab00000,0x00000000eb579eb0,0x00000000ec000000)
  from space 1536K, 78% used [0x00000000ec500000,0x00000000ec62c010,0x00000000ec680000)
  to   space 1536K, 0% used [0x00000000ec380000,0x00000000ec380000,0x00000000ec500000)
 ParOldGen       total 113664K, used 73010K [0x00000000c0000000, 0x00000000c6f00000, 0x00000000eab00000)
  object space 113664K, 64% used [0x00000000c0000000,0x00000000c474ca88,0x00000000c6f00000)
 Metaspace       used 63022K, committed 64000K, reserved 1114112K
  class space    used 6648K, committed 7040K, reserved 1048576K
GC Heap History (20 events):
Event: 40.869 GC heap before
{Heap before GC invocations=27 (full 2):
 PSYoungGen      total 22528K, used 20480K [0x00000000eab00000, 0x00000000ec400000, 0x0000000100000000)
  eden space 21504K, 90% used [0x00000000eab00000,0x00000000ebe0a470,0x00000000ec000000)
  from space 1024K, 96% used [0x00000000ec300000,0x00000000ec3f5f50,0x00000000ec400000)
  to   space 1536K, 0% used [0x00000000ec100000,0x00000000ec100000,0x00000000ec280000)
 ParOldGen       total 68608K, used 33505K [0x00000000c0000000, 0x00000000c4300000, 0x00000000eab00000)
  object space 68608K, 48% used [0x00000000c0000000,0x00000000c20b8730,0x00000000c4300000)
 Metaspace       used 57616K, committed 58560K, reserved 1105920K
  class space    used 6107K, committed 6464K, reserved 1048576K
}
Event: 40.877 GC heap after
{Heap after GC invocations=27 (full 2):
 PSYoungGen      total 22528K, used 1005K [0x00000000eab00000, 0x00000000ec380000, 0x0000000100000000)
  eden space 21504K, 0% used [0x00000000eab00000,0x00000000eab00000,0x00000000ec000000)
  from space 1024K, 98% used [0x00000000ec100000,0x00000000ec1fb718,0x00000000ec200000)
  to   space 1536K, 0% used [0x00000000ec200000,0x00000000ec200000,0x00000000ec380000)
 ParOldGen       total 68608K, used 44698K [0x00000000c0000000, 0x00000000c4300000, 0x00000000eab00000)
  object space 68608K, 65% used [0x00000000c0000000,0x00000000c2ba69a0,0x00000000c4300000)
 Metaspace       used 57616K, committed 58560K, reserved 1105920K
  class space    used 6107K, committed 6464K, reserved 1048576K
}
Event: 41.056 GC heap before
{Heap before GC invocations=28 (full 3):
 PSYoungGen      total 22528K, used 22509K [0x00000000eab00000, 0x00000000ec380000, 0x0000000100000000)
  eden space 21504K, 100% used [0x00000000eab00000,0x00000000ec000000,0x00000000ec000000)
  from space 1024K, 98% used [0x00000000ec100000,0x00000000ec1fb718,0x00000000ec200000)
  to   space 1536K, 0% used [0x00000000ec200000,0x00000000ec200000,0x00000000ec380000)
 ParOldGen       total 79872K, used 71027K [0x00000000c0000000, 0x00000000c4e00000, 0x00000000eab00000)
  object space 79872K, 88% used [0x00000000c0000000,0x00000000c455cf50,0x00000000c4e00000)
 Metaspace       used 57625K, committed 58560K, reserved 1105920K
  class space    used 6109K, committed 6464K, reserved 1048576K
}
Event: 41.191 GC heap after
{Heap after GC invocations=28 (full 3):
 PSYoungGen      total 22528K, used 0K [0x00000000eab00000, 0x00000000ec300000, 0x0000000100000000)
  eden space 21504K, 0% used [0x00000000eab00000,0x00000000eab00000,0x00000000ec000000)
  from space 1024K, 0% used [0x00000000ec200000,0x00000000ec200000,0x00000000ec300000)
  to   space 1536K, 0% used [0x00000000ec000000,0x00000000ec000000,0x00000000ec180000)
 ParOldGen       total 84992K, used 46896K [0x00000000c0000000, 0x00000000c5300000, 0x00000000eab00000)
  object space 84992K, 55% used [0x00000000c0000000,0x00000000c2dcc240,0x00000000c5300000)
 Metaspace       used 57625K, committed 58560K, reserved 1105920K
  class space    used 6109K, committed 6464K, reserved 1048576K
}
Event: 41.404 GC heap before
{Heap before GC invocations=29 (full 3):
 PSYoungGen      total 22528K, used 21504K [0x00000000eab00000, 0x00000000ec300000, 0x0000000100000000)
  eden space 21504K, 100% used [0x00000000eab00000,0x00000000ec000000,0x00000000ec000000)
  from space 1024K, 0% used [0x00000000ec200000,0x00000000ec200000,0x00000000ec300000)
  to   space 1536K, 0% used [0x00000000ec000000,0x00000000ec000000,0x00000000ec180000)
 ParOldGen       total 84992K, used 46896K [0x00000000c0000000, 0x00000000c5300000, 0x00000000eab00000)
  object space 84992K, 55% used [0x00000000c0000000,0x00000000c2dcc240,0x00000000c5300000)
 Metaspace       used 57625K, committed 58560K, reserved 1105920K
  class space    used 6109K, committed 6464K, reserved 1048576K
}
Event: 41.421 GC heap after
{Heap after GC invocations=29 (full 3):
 PSYoungGen      total 23040K, used 1536K [0x00000000eab00000, 0x00000000ee300000, 0x0000000100000000)
  eden space 21504K, 0% used [0x00000000eab00000,0x00000000eab00000,0x00000000ec000000)
  from space 1536K, 100% used [0x00000000ec000000,0x00000000ec180000,0x00000000ec180000)
  to   space 17920K, 0% used [0x00000000ed180000,0x00000000ed180000,0x00000000ee300000)
 ParOldGen       total 84992K, used 60552K [0x00000000c0000000, 0x00000000c5300000, 0x00000000eab00000)
  object space 84992K, 71% used [0x00000000c0000000,0x00000000c3b22240,0x00000000c5300000)
 Metaspace       used 57625K, committed 58560K, reserved 1105920K
  class space    used 6109K, committed 6464K, reserved 1048576K
}
Event: 41.622 GC heap before
{Heap before GC invocations=30 (full 3):
 PSYoungGen      total 23040K, used 23040K [0x00000000eab00000, 0x00000000ee300000, 0x0000000100000000)
  eden space 21504K, 100% used [0x00000000eab00000,0x00000000ec000000,0x00000000ec000000)
  from space 1536K, 100% used [0x00000000ec000000,0x00000000ec180000,0x00000000ec180000)
  to   space 17920K, 0% used [0x00000000ed180000,0x00000000ed180000,0x00000000ee300000)
 ParOldGen       total 84992K, used 60552K [0x00000000c0000000, 0x00000000c5300000, 0x00000000eab00000)
  object space 84992K, 71% used [0x00000000c0000000,0x00000000c3b22240,0x00000000c5300000)
 Metaspace       used 57625K, committed 58560K, reserved 1105920K
  class space    used 6109K, committed 6464K, reserved 1048576K
}
Event: 41.638 GC heap after
{Heap after GC invocations=30 (full 3):
 PSYoungGen      total 36864K, used 15040K [0x00000000eab00000, 0x00000000ee080000, 0x0000000100000000)
  eden space 21504K, 0% used [0x00000000eab00000,0x00000000eab00000,0x00000000ec000000)
  from space 15360K, 97% used [0x00000000ed180000,0x00000000ee030000,0x00000000ee080000)
  to   space 15872K, 0% used [0x00000000ec180000,0x00000000ec180000,0x00000000ed100000)
 ParOldGen       total 84992K, used 62120K [0x00000000c0000000, 0x00000000c5300000, 0x00000000eab00000)
  object space 84992K, 73% used [0x00000000c0000000,0x00000000c3caa240,0x00000000c5300000)
 Metaspace       used 57625K, committed 58560K, reserved 1105920K
  class space    used 6109K, committed 6464K, reserved 1048576K
}
Event: 54.443 GC heap before
{Heap before GC invocations=31 (full 3):
 PSYoungGen      total 36864K, used 36536K [0x00000000eab00000, 0x00000000ee080000, 0x0000000100000000)
  eden space 21504K, 99% used [0x00000000eab00000,0x00000000ebffe3c0,0x00000000ec000000)
  from space 15360K, 97% used [0x00000000ed180000,0x00000000ee030000,0x00000000ee080000)
  to   space 15872K, 0% used [0x00000000ec180000,0x00000000ec180000,0x00000000ed100000)
 ParOldGen       total 84992K, used 62120K [0x00000000c0000000, 0x00000000c5300000, 0x00000000eab00000)
  object space 84992K, 73% used [0x00000000c0000000,0x00000000c3caa240,0x00000000c5300000)
 Metaspace       used 58928K, committed 59840K, reserved 1105920K
  class space    used 6235K, committed 6592K, reserved 1048576K
}
Event: 54.476 GC heap after
{Heap after GC invocations=31 (full 3):
 PSYoungGen      total 28672K, used 7070K [0x00000000eab00000, 0x00000000ed400000, 0x0000000100000000)
  eden space 21504K, 0% used [0x00000000eab00000,0x00000000eab00000,0x00000000ec000000)
  from space 7168K, 98% used [0x00000000ec180000,0x00000000ec867960,0x00000000ec880000)
  to   space 10240K, 0% used [0x00000000eca00000,0x00000000eca00000,0x00000000ed400000)
 ParOldGen       total 84992K, used 77160K [0x00000000c0000000, 0x00000000c5300000, 0x00000000eab00000)
  object space 84992K, 90% used [0x00000000c0000000,0x00000000c4b5a240,0x00000000c5300000)
 Metaspace       used 58928K, committed 59840K, reserved 1105920K
  class space    used 6235K, committed 6592K, reserved 1048576K
}
Event: 54.476 GC heap before
{Heap before GC invocations=32 (full 4):
 PSYoungGen      total 28672K, used 7070K [0x00000000eab00000, 0x00000000ed400000, 0x0000000100000000)
  eden space 21504K, 0% used [0x00000000eab00000,0x00000000eab00000,0x00000000ec000000)
  from space 7168K, 98% used [0x00000000ec180000,0x00000000ec867960,0x00000000ec880000)
  to   space 10240K, 0% used [0x00000000eca00000,0x00000000eca00000,0x00000000ed400000)
 ParOldGen       total 84992K, used 77160K [0x00000000c0000000, 0x00000000c5300000, 0x00000000eab00000)
  object space 84992K, 90% used [0x00000000c0000000,0x00000000c4b5a240,0x00000000c5300000)
 Metaspace       used 58928K, committed 59840K, reserved 1105920K
  class space    used 6235K, committed 6592K, reserved 1048576K
}
Event: 54.680 GC heap after
{Heap after GC invocations=32 (full 4):
 PSYoungGen      total 31744K, used 0K [0x00000000eab00000, 0x00000000ed400000, 0x0000000100000000)
  eden space 21504K, 0% used [0x00000000eab00000,0x00000000eab00000,0x00000000ec000000)
  from space 10240K, 0% used [0x00000000eca00000,0x00000000eca00000,0x00000000ed400000)
  to   space 10240K, 0% used [0x00000000ec000000,0x00000000ec000000,0x00000000eca00000)
 ParOldGen       total 113664K, used 71315K [0x00000000c0000000, 0x00000000c6f00000, 0x00000000eab00000)
  object space 113664K, 62% used [0x00000000c0000000,0x00000000c45a4fc0,0x00000000c6f00000)
 Metaspace       used 58928K, committed 59840K, reserved 1105920K
  class space    used 6235K, committed 6592K, reserved 1048576K
}
Event: 56.066 GC heap before
{Heap before GC invocations=33 (full 4):
 PSYoungGen      total 31744K, used 21504K [0x00000000eab00000, 0x00000000ed400000, 0x0000000100000000)
  eden space 21504K, 100% used [0x00000000eab00000,0x00000000ec000000,0x00000000ec000000)
  from space 10240K, 0% used [0x00000000eca00000,0x00000000eca00000,0x00000000ed400000)
  to   space 10240K, 0% used [0x00000000ec000000,0x00000000ec000000,0x00000000eca00000)
 ParOldGen       total 113664K, used 71315K [0x00000000c0000000, 0x00000000c6f00000, 0x00000000eab00000)
  object space 113664K, 62% used [0x00000000c0000000,0x00000000c45a4fc0,0x00000000c6f00000)
 Metaspace       used 60665K, committed 61504K, reserved 1105920K
  class space    used 6384K, committed 6720K, reserved 1048576K
}
Event: 56.069 GC heap after
{Heap after GC invocations=33 (full 4):
 PSYoungGen      total 23552K, used 1750K [0x00000000eab00000, 0x00000000eca80000, 0x0000000100000000)
  eden space 21504K, 0% used [0x00000000eab00000,0x00000000eab00000,0x00000000ec000000)
  from space 2048K, 85% used [0x00000000ec000000,0x00000000ec1b5890,0x00000000ec200000)
  to   space 4608K, 0% used [0x00000000ec600000,0x00000000ec600000,0x00000000eca80000)
 ParOldGen       total 113664K, used 71323K [0x00000000c0000000, 0x00000000c6f00000, 0x00000000eab00000)
  object space 113664K, 62% used [0x00000000c0000000,0x00000000c45a6fc0,0x00000000c6f00000)
 Metaspace       used 60665K, committed 61504K, reserved 1105920K
  class space    used 6384K, committed 6720K, reserved 1048576K
}
Event: 65.740 GC heap before
{Heap before GC invocations=34 (full 4):
 PSYoungGen      total 23552K, used 23254K [0x00000000eab00000, 0x00000000eca80000, 0x0000000100000000)
  eden space 21504K, 100% used [0x00000000eab00000,0x00000000ec000000,0x00000000ec000000)
  from space 2048K, 85% used [0x00000000ec000000,0x00000000ec1b5890,0x00000000ec200000)
  to   space 4608K, 0% used [0x00000000ec600000,0x00000000ec600000,0x00000000eca80000)
 ParOldGen       total 113664K, used 71323K [0x00000000c0000000, 0x00000000c6f00000, 0x00000000eab00000)
  object space 113664K, 62% used [0x00000000c0000000,0x00000000c45a6fc0,0x00000000c6f00000)
 Metaspace       used 61471K, committed 62400K, reserved 1105920K
  class space    used 6476K, committed 6848K, reserved 1048576K
}
Event: 65.743 GC heap after
{Heap after GC invocations=34 (full 4):
 PSYoungGen      total 22016K, used 352K [0x00000000eab00000, 0x00000000ec680000, 0x0000000100000000)
  eden space 21504K, 0% used [0x00000000eab00000,0x00000000eab00000,0x00000000ec000000)
  from space 512K, 68% used [0x00000000ec600000,0x00000000ec658000,0x00000000ec680000)
  to   space 1536K, 0% used [0x00000000ec380000,0x00000000ec380000,0x00000000ec500000)
 ParOldGen       total 113664K, used 72994K [0x00000000c0000000, 0x00000000c6f00000, 0x00000000eab00000)
  object space 113664K, 64% used [0x00000000c0000000,0x00000000c4748a88,0x00000000c6f00000)
 Metaspace       used 61471K, committed 62400K, reserved 1105920K
  class space    used 6476K, committed 6848K, reserved 1048576K
}
Event: 70.804 GC heap before
{Heap before GC invocations=35 (full 4):
 PSYoungGen      total 22016K, used 21856K [0x00000000eab00000, 0x00000000ec680000, 0x0000000100000000)
  eden space 21504K, 100% used [0x00000000eab00000,0x00000000ec000000,0x00000000ec000000)
  from space 512K, 68% used [0x00000000ec600000,0x00000000ec658000,0x00000000ec680000)
  to   space 1536K, 0% used [0x00000000ec380000,0x00000000ec380000,0x00000000ec500000)
 ParOldGen       total 113664K, used 72994K [0x00000000c0000000, 0x00000000c6f00000, 0x00000000eab00000)
  object space 113664K, 64% used [0x00000000c0000000,0x00000000c4748a88,0x00000000c6f00000)
 Metaspace       used 61713K, committed 62592K, reserved 1105920K
  class space    used 6477K, committed 6848K, reserved 1048576K
}
Event: 70.806 GC heap after
{Heap after GC invocations=35 (full 4):
 PSYoungGen      total 23040K, used 912K [0x00000000eab00000, 0x00000000ec680000, 0x0000000100000000)
  eden space 21504K, 0% used [0x00000000eab00000,0x00000000eab00000,0x00000000ec000000)
  from space 1536K, 59% used [0x00000000ec380000,0x00000000ec464010,0x00000000ec500000)
  to   space 1536K, 0% used [0x00000000ec500000,0x00000000ec500000,0x00000000ec680000)
 ParOldGen       total 113664K, used 73002K [0x00000000c0000000, 0x00000000c6f00000, 0x00000000eab00000)
  object space 113664K, 64% used [0x00000000c0000000,0x00000000c474aa88,0x00000000c6f00000)
 Metaspace       used 61713K, committed 62592K, reserved 1105920K
  class space    used 6477K, committed 6848K, reserved 1048576K
}
Event: 75.895 GC heap before
{Heap before GC invocations=36 (full 4):
 PSYoungGen      total 23040K, used 22403K [0x00000000eab00000, 0x00000000ec680000, 0x0000000100000000)
  eden space 21504K, 99% used [0x00000000eab00000,0x00000000ebffce38,0x00000000ec000000)
  from space 1536K, 59% used [0x00000000ec380000,0x00000000ec464010,0x00000000ec500000)
  to   space 1536K, 0% used [0x00000000ec500000,0x00000000ec500000,0x00000000ec680000)
 ParOldGen       total 113664K, used 73002K [0x00000000c0000000, 0x00000000c6f00000, 0x00000000eab00000)
  object space 113664K, 64% used [0x00000000c0000000,0x00000000c474aa88,0x00000000c6f00000)
 Metaspace       used 62793K, committed 63744K, reserved 1105920K
  class space    used 6639K, committed 7040K, reserved 1048576K
}
Event: 75.898 GC heap after
{Heap after GC invocations=36 (full 4):
 PSYoungGen      total 23040K, used 1200K [0x00000000eab00000, 0x00000000ec680000, 0x0000000100000000)
  eden space 21504K, 0% used [0x00000000eab00000,0x00000000eab00000,0x00000000ec000000)
  from space 1536K, 78% used [0x00000000ec500000,0x00000000ec62c010,0x00000000ec680000)
  to   space 1536K, 0% used [0x00000000ec380000,0x00000000ec380000,0x00000000ec500000)
 ParOldGen       total 113664K, used 73010K [0x00000000c0000000, 0x00000000c6f00000, 0x00000000eab00000)
  object space 113664K, 64% used [0x00000000c0000000,0x00000000c474ca88,0x00000000c6f00000)
 Metaspace       used 62793K, committed 63744K, reserved 1105920K
  class space    used 6639K, committed 7040K, reserved 1048576K
}

